[2017-10-31 12:28:36.265480] INFO: monkey小工具各流程日志输出: 当前模块 判断系统，使用相应的命令
[2017-10-31 12:28:36.266980] INFO: monkey小工具各流程日志输出: 全部args参数参数信息 , ()
[2017-10-31 12:28:36.267480] INFO: monkey小工具各流程日志输出: 全部kwargs参数信息 , {}
[2017-10-31 12:28:36.310486] INFO: monkey小工具各流程日志输出: 测试小程序开始启动！测试开启！
[2017-10-31 12:28:36.310486] INFO: monkey小工具各流程日志输出: 当前模块 获取设备状态
[2017-10-31 12:28:36.310986] INFO: monkey小工具各流程日志输出: 全部args参数参数信息 , ()
[2017-10-31 12:28:36.310986] INFO: monkey小工具各流程日志输出: 全部kwargs参数信息 , {}
[2017-10-31 12:31:02.632066] INFO: monkey小工具各流程日志输出: 当前模块 判断系统，使用相应的命令
[2017-10-31 12:31:02.633066] INFO: monkey小工具各流程日志输出: 全部args参数参数信息 , ()
[2017-10-31 12:31:02.633066] INFO: monkey小工具各流程日志输出: 全部kwargs参数信息 , {}
[2017-10-31 12:31:02.672572] INFO: monkey小工具各流程日志输出: 测试小程序开始启动！测试开启！
[2017-10-31 12:31:02.672572] INFO: monkey小工具各流程日志输出: 当前模块 获取设备状态
[2017-10-31 12:31:02.672572] INFO: monkey小工具各流程日志输出: 全部args参数参数信息 , ()
[2017-10-31 12:31:02.673072] INFO: monkey小工具各流程日志输出: 全部kwargs参数信息 , {}
[2017-10-31 12:31:13.029387] INFO: monkey小工具各流程日志输出: 当前模块 次用线程来启动测试！采集cpu占用率,上传下载流量，内存
[2017-10-31 12:31:13.029887] INFO: monkey小工具各流程日志输出: 全部args参数参数信息 , ()
[2017-10-31 12:31:13.029887] INFO: monkey小工具各流程日志输出: 全部kwargs参数信息 , {}
[2017-10-31 12:32:22.000145] INFO: monkey小工具各流程日志输出: 当前模块 判断系统，使用相应的命令
[2017-10-31 12:32:22.000645] INFO: monkey小工具各流程日志输出: 全部args参数参数信息 , ()
[2017-10-31 12:32:22.001145] INFO: monkey小工具各流程日志输出: 全部kwargs参数信息 , {}
[2017-10-31 12:32:22.040650] INFO: monkey小工具各流程日志输出: 测试小程序开始启动！测试开启！
[2017-10-31 12:32:22.041150] INFO: monkey小工具各流程日志输出: 当前模块 获取设备状态
[2017-10-31 12:32:22.041150] INFO: monkey小工具各流程日志输出: 全部args参数参数信息 , ()
[2017-10-31 12:32:22.041150] INFO: monkey小工具各流程日志输出: 全部kwargs参数信息 , {}
[2017-10-31 12:32:24.205425] INFO: monkey小工具各流程日志输出: 当前模块 cpu占用率,上传下载流量，内存的测试
[2017-10-31 12:32:24.205425] INFO: monkey小工具各流程日志输出: 全部args参数参数信息 , ()
[2017-10-31 12:32:24.205925] INFO: monkey小工具各流程日志输出: 全部kwargs参数信息 , {}
[2017-10-31 12:32:24.205925] INFO: monkey小工具各流程日志输出: 当前模块 获取设备状态
[2017-10-31 12:32:24.205925] INFO: monkey小工具各流程日志输出: 全部args参数参数信息 , ()
[2017-10-31 12:32:24.206425] INFO: monkey小工具各流程日志输出: 全部kwargs参数信息 , {}
[2017-10-31 12:32:24.247430] INFO: monkey小工具各流程日志输出: 当前模块 获取内存
[2017-10-31 12:32:24.247930] INFO: monkey小工具各流程日志输出: 全部args参数参数信息 , ('com.tencent.mobileqq',)
[2017-10-31 12:32:24.247930] INFO: monkey小工具各流程日志输出: 全部kwargs参数信息 , {}
[2017-10-31 12:32:27.470840] INFO: monkey小工具各流程日志输出: 当前模块 获取流量
[2017-10-31 12:32:27.470840] INFO: monkey小工具各流程日志输出: 全部args参数参数信息 , ('com.tencent.mobileqq',)
[2017-10-31 12:32:27.471340] INFO: monkey小工具各流程日志输出: 全部kwargs参数信息 , {}
[2017-10-31 12:32:27.914896] INFO: monkey小工具各流程日志输出: 当前模块 获取cpu信息
[2017-10-31 12:32:27.914896] INFO: monkey小工具各流程日志输出: 全部args参数参数信息 , ('com.tencent.mobileqq',)
[2017-10-31 12:32:27.915396] INFO: monkey小工具各流程日志输出: 全部kwargs参数信息 , {}
[2017-10-31 12:32:31.125304] INFO: monkey小工具各流程日志输出: 第0次：Pass：127992K
[2017-10-31 12:32:31.126304] INFO: monkey小工具各流程日志输出: 第0次：CPU占用率：0%
[2017-10-31 12:32:31.126804] INFO: monkey小工具各流程日志输出: 第0次：总流量：0k,上传流量:0k,下载流量：0k
[2017-10-31 12:32:31.127304] INFO: monkey小工具各流程日志输出: 当前模块 获取内存
[2017-10-31 12:32:31.127304] INFO: monkey小工具各流程日志输出: 全部args参数参数信息 , ('com.tencent.mobileqq',)
[2017-10-31 12:32:31.127804] INFO: monkey小工具各流程日志输出: 全部kwargs参数信息 , {}
[2017-10-31 12:32:34.352213] INFO: monkey小工具各流程日志输出: 当前模块 获取流量
[2017-10-31 12:32:34.352713] INFO: monkey小工具各流程日志输出: 全部args参数参数信息 , ('com.tencent.mobileqq',)
[2017-10-31 12:32:34.352713] INFO: monkey小工具各流程日志输出: 全部kwargs参数信息 , {}
[2017-10-31 12:32:34.824773] INFO: monkey小工具各流程日志输出: 当前模块 获取cpu信息
[2017-10-31 12:32:34.825273] INFO: monkey小工具各流程日志输出: 全部args参数参数信息 , ('com.tencent.mobileqq',)
[2017-10-31 12:32:34.825273] INFO: monkey小工具各流程日志输出: 全部kwargs参数信息 , {}
[2017-10-31 12:32:38.013178] INFO: monkey小工具各流程日志输出: 第1次：Pass：127992K
[2017-10-31 12:32:38.013678] INFO: monkey小工具各流程日志输出: 第1次：CPU占用率：0%
[2017-10-31 12:32:38.014178] INFO: monkey小工具各流程日志输出: 第1次：总流量：0k,上传流量:0k,下载流量：0k
[2017-10-31 12:32:38.014678] INFO: monkey小工具各流程日志输出: 当前模块 获取内存
[2017-10-31 12:32:38.014678] INFO: monkey小工具各流程日志输出: 全部args参数参数信息 , ('com.tencent.mobileqq',)
[2017-10-31 12:32:38.014678] INFO: monkey小工具各流程日志输出: 全部kwargs参数信息 , {}
[2017-10-31 12:32:41.245589] INFO: monkey小工具各流程日志输出: 当前模块 获取流量
[2017-10-31 12:32:41.245589] INFO: monkey小工具各流程日志输出: 全部args参数参数信息 , ('com.tencent.mobileqq',)
[2017-10-31 12:32:41.245589] INFO: monkey小工具各流程日志输出: 全部kwargs参数信息 , {}
[2017-10-31 12:32:41.645139] INFO: monkey小工具各流程日志输出: 当前模块 获取cpu信息
[2017-10-31 12:32:41.645639] INFO: monkey小工具各流程日志输出: 全部args参数参数信息 , ('com.tencent.mobileqq',)
[2017-10-31 12:32:41.645639] INFO: monkey小工具各流程日志输出: 全部kwargs参数信息 , {}
[2017-10-31 12:32:44.859548] INFO: monkey小工具各流程日志输出: 第2次：Pass：127992K
[2017-10-31 12:32:44.860048] INFO: monkey小工具各流程日志输出: 第2次：CPU占用率：0%
[2017-10-31 12:32:44.860548] INFO: monkey小工具各流程日志输出: 第2次：总流量：0k,上传流量:0k,下载流量：0k
[2017-10-31 12:32:44.861048] INFO: monkey小工具各流程日志输出: 当前模块 获取内存
[2017-10-31 12:32:44.861048] INFO: monkey小工具各流程日志输出: 全部args参数参数信息 , ('com.tencent.mobileqq',)
[2017-10-31 12:32:44.861548] INFO: monkey小工具各流程日志输出: 全部kwargs参数信息 , {}
[2017-10-31 12:32:48.140964] INFO: monkey小工具各流程日志输出: 当前模块 获取流量
[2017-10-31 12:32:48.141464] INFO: monkey小工具各流程日志输出: 全部args参数参数信息 , ('com.tencent.mobileqq',)
[2017-10-31 12:32:48.141464] INFO: monkey小工具各流程日志输出: 全部kwargs参数信息 , {}
[2017-10-31 12:32:48.660030] INFO: monkey小工具各流程日志输出: 当前模块 获取cpu信息
[2017-10-31 12:32:48.660530] INFO: monkey小工具各流程日志输出: 全部args参数参数信息 , ('com.tencent.mobileqq',)
[2017-10-31 12:32:48.660530] INFO: monkey小工具各流程日志输出: 全部kwargs参数信息 , {}
[2017-10-31 12:33:16.025505] INFO: monkey小工具各流程日志输出: 当前模块 判断系统，使用相应的命令
[2017-10-31 12:33:16.026005] INFO: monkey小工具各流程日志输出: 全部args参数参数信息 , ()
[2017-10-31 12:33:16.026505] INFO: monkey小工具各流程日志输出: 全部kwargs参数信息 , {}
[2017-10-31 12:33:16.070511] INFO: monkey小工具各流程日志输出: 测试小程序开始启动！测试开启！
[2017-10-31 12:33:16.071011] INFO: monkey小工具各流程日志输出: 当前模块 获取设备状态
[2017-10-31 12:33:16.071011] INFO: monkey小工具各流程日志输出: 全部args参数参数信息 , ()
[2017-10-31 12:33:16.071011] INFO: monkey小工具各流程日志输出: 全部kwargs参数信息 , {}
[2017-10-31 12:33:18.204282] INFO: monkey小工具各流程日志输出: 当前模块 次用线程来启动测试！采集cpu占用率,上传下载流量，内存
[2017-10-31 12:33:18.204782] INFO: monkey小工具各流程日志输出: 全部args参数参数信息 , ()
[2017-10-31 12:33:18.204782] INFO: monkey小工具各流程日志输出: 全部kwargs参数信息 , {}
[2017-10-31 12:35:07.491660] INFO: monkey小工具各流程日志输出: 当前模块 判断系统，使用相应的命令
[2017-10-31 12:35:07.492660] INFO: monkey小工具各流程日志输出: 全部args参数参数信息 , ()
[2017-10-31 12:35:07.492660] INFO: monkey小工具各流程日志输出: 全部kwargs参数信息 , {}
[2017-10-31 12:35:07.534165] INFO: monkey小工具各流程日志输出: 测试小程序开始启动！测试开启！
[2017-10-31 12:35:07.534665] INFO: monkey小工具各流程日志输出: 当前模块 获取设备状态
[2017-10-31 12:35:07.534665] INFO: monkey小工具各流程日志输出: 全部args参数参数信息 , ()
[2017-10-31 12:35:07.534665] INFO: monkey小工具各流程日志输出: 全部kwargs参数信息 , {}
[2017-10-31 12:35:11.667690] INFO: monkey小工具各流程日志输出: 当前模块 用线程来启动测试！采集cpu占用率,上传下载流量，内存
[2017-10-31 12:35:11.667690] INFO: monkey小工具各流程日志输出: 全部args参数参数信息 , ()
[2017-10-31 12:35:11.668190] INFO: monkey小工具各流程日志输出: 全部kwargs参数信息 , {}
